<?xml version="1.0" encoding="UTF-8"?>
<testsuite xmlns:xsi="http://www.w3.org/2001/XMLSchema-instance" xsi:noNamespaceSchemaLocation="https://maven.apache.org/surefire/maven-surefire-plugin/xsd/surefire-test-report.xsd" name="com.whizzcode.application.controller.v1.PokerControllerTest" time="0.956" tests="3" errors="0" skipped="0" failures="0">
  <properties>
[...]
</properties>
  <testcase name="givenValidDeckId_whenDrawCard_thenReturnOkWithDto" classname="com.whizzcode.application.controller.v1.PokerControllerTest" time="0.211"/>
  <testcase name="givenValidDeckId_whenShuffle_thenReturnNoContent" classname="com.whizzcode.application.controller.v1.PokerControllerTest" time="0.001"/>
  <testcase name="givenValidDeckId_whenMakeDeck_thenReturnCreatedWIthDeckId" classname="com.whizzcode.application.controller.v1.PokerControllerTest" time="0"/>
</testsuite>